<?xml version="1.0" encoding="UTF-8"?>
<!-- Generated by org.testng.reporters.JUnitXMLReporter -->
<testsuite ignored="6" hostname="DELL-Rodrigo" failures="0" tests="3" name="Command line test" time="6.726" errors="0" timestamp="2022-05-09T15:33:15 CDT">
  <testcase classname="tests.ABTest" name="getText" time="0.186"/>
  <testcase classname="tests.BasicAuthTest" name="setKeys" time="0.228"/>
  <testcase classname="tests.DynamicTest" name="secondRemoveTest" time="6.288"/>
  <testcase classname="tests.DynamicTest" name="removeTest" time="0.0">
    <ignored/>
  </testcase> <!-- removeTest -->
  <testcase classname="base.SetupFactory" name="@BeforeSuite setUp" time="0.0">
    <ignored/>
  </testcase> <!-- @BeforeSuite setUp -->
  <testcase classname="base.SetupFactory" name="@BeforeSuite setUp" time="0.0">
    <ignored/>
  </testcase> <!-- @BeforeSuite setUp -->
  <testcase classname="base.SetupFactory" name="@AfterSuite tearDown" time="0.0">
    <ignored/>
  </testcase> <!-- @AfterSuite tearDown -->
  <testcase classname="base.SetupFactory" name="@AfterSuite tearDown" time="0.0">
    <ignored/>
  </testcase> <!-- @AfterSuite tearDown -->
  <testcase classname="tests.DynamicTest" name="reachPageTest" time="0.0">
    <ignored/>
  </testcase> <!-- reachPageTest -->
</testsuite> <!-- Command line test -->
